2014-02-08 15:10:23 [SERVER] [INFO] Starting integrated minecraft server version 1.6.4
2014-02-08 15:10:23 [SERVER] [INFO] Generating keypair
2014-02-08 15:10:23 [SERVER] [INFO] Converting map!
2014-02-08 15:10:23 [SERVER] [INFO] Scanning folders...
2014-02-08 15:10:23 [SERVER] [INFO] Total conversion count is 0
2014-02-08 15:10:30 [SERVER] [INFO] Preparing start region for level 0
2014-02-08 15:10:34 [SERVER] [INFO] Preparing spawn area: 4%
2014-02-08 15:10:36 [SERVER] [INFO] Preparing spawn area: 4%
2014-02-08 15:10:38 [SERVER] [INFO] Preparing spawn area: 4%
2014-02-08 15:10:39 [SERVER] [INFO] Preparing spawn area: 18%
2014-02-08 15:10:40 [SERVER] [INFO] Preparing spawn area: 30%
2014-02-08 15:10:41 [SERVER] [INFO] Preparing spawn area: 40%
2014-02-08 15:10:42 [SERVER] [INFO] Preparing spawn area: 50%
2014-02-08 15:10:43 [SERVER] [INFO] Preparing spawn area: 62%
2014-02-08 15:10:44 [SERVER] [INFO] Preparing spawn area: 70%
2014-02-08 15:10:45 [SERVER] [INFO] Preparing spawn area: 78%
2014-02-08 15:10:46 [SERVER] [INFO] Preparing spawn area: 85%
2014-02-08 15:10:47 [SERVER] [INFO] Preparing spawn area: 92%
2014-02-08 15:10:50 [SERVER] [INFO] Damage Indicators Mod Mod v.2.9.2.3 is up to date.
2014-02-08 15:10:50 [SERVER] [INFO] longwing[/127.0.0.1:0] logged in with entity id 3662 at (205.5, 66.0, 246.5)
2014-02-08 15:10:50 [SERVER] [INFO] longwing joined the game
2014-02-08 15:10:56 [SERVER] [WARNING] Can't keep up! Did the system time change, or is the server overloaded?
2014-02-08 15:10:58 [SERVER] [INFO] Saving and pausing game...
2014-02-08 15:10:58 [SERVER] [INFO] Saving chunks for level 'New World 1'/Overworld
2014-02-08 15:10:58 [SERVER] [INFO] Saving chunks for level 'New World 1'/Nether
2014-02-08 15:10:58 [SERVER] [INFO] Saving chunks for level 'New World 1'/The End
2014-02-08 15:10:58 [SERVER] [INFO] Saving chunks for level 'New World 1'/Promised Land
2014-02-08 15:10:58 [SERVER] [INFO] Saving chunks for level 'New World 1'/Wyvern Lair
2014-02-08 15:10:58 [SERVER] [INFO] Saving chunks for level 'New World 1'/Twilight Forest
2014-02-08 15:10:58 [SERVER] [INFO] Saving chunks for level 'New World 1'/Limbo
2014-02-08 15:12:27 [SERVER] [INFO] longwing hit the ground too hard
2014-02-08 15:12:32 [SERVER] [INFO] Saving and pausing game...
2014-02-08 15:12:32 [SERVER] [INFO] Saving chunks for level 'New World 1'/Overworld
2014-02-08 15:12:33 [SERVER] [INFO] Saving chunks for level 'New World 1'/Nether
2014-02-08 15:12:33 [SERVER] [INFO] Saving chunks for level 'New World 1'/The End
2014-02-08 15:12:33 [SERVER] [INFO] Saving chunks for level 'New World 1'/Promised Land
2014-02-08 15:12:33 [SERVER] [INFO] Saving chunks for level 'New World 1'/Wyvern Lair
2014-02-08 15:12:33 [SERVER] [INFO] Saving chunks for level 'New World 1'/Twilight Forest
2014-02-08 15:12:33 [SERVER] [INFO] Saving chunks for level 'New World 1'/Limbo
2014-02-08 15:12:39 [SERVER] [INFO] Stopping server
2014-02-08 15:12:39 [SERVER] [INFO] Saving players
2014-02-08 15:12:39 [SERVER] [INFO] longwing left the game
2014-02-08 15:12:39 [SERVER] [INFO] Saving worlds
2014-02-08 15:12:39 [SERVER] [INFO] Saving chunks for level 'New World 1'/Overworld
2014-02-08 15:12:39 [SERVER] [INFO] Saving chunks for level 'New World 1'/Nether
2014-02-08 15:12:39 [SERVER] [INFO] Saving chunks for level 'New World 1'/The End
2014-02-08 15:12:39 [SERVER] [INFO] Saving chunks for level 'New World 1'/Promised Land
2014-02-08 15:12:39 [SERVER] [INFO] Saving chunks for level 'New World 1'/Wyvern Lair
2014-02-08 15:12:39 [SERVER] [INFO] Saving chunks for level 'New World 1'/Twilight Forest
2014-02-08 15:12:39 [SERVER] [INFO] Saving chunks for level 'New World 1'/Limbo
2014-02-10 22:07:35 [SERVER] [INFO] Starting integrated minecraft server version 1.6.4
2014-02-10 22:07:35 [SERVER] [INFO] Generating keypair
2014-02-10 22:07:36 [SERVER] [INFO] Converting map!
2014-02-10 22:07:36 [SERVER] [INFO] Scanning folders...
2014-02-10 22:07:36 [SERVER] [INFO] Total conversion count is 0
2014-02-10 22:07:50 [SERVER] [INFO] Preparing start region for level 0
2014-02-10 22:07:51 [SERVER] [INFO] Preparing spawn area: 9%
2014-02-10 22:07:52 [SERVER] [INFO] Preparing spawn area: 27%
2014-02-10 22:07:53 [SERVER] [INFO] Preparing spawn area: 38%
2014-02-10 22:07:54 [SERVER] [INFO] Preparing spawn area: 59%
2014-02-10 22:07:55 [SERVER] [INFO] Preparing spawn area: 79%
2014-02-10 22:07:57 [SERVER] [INFO] Preparing spawn area: 82%
2014-02-10 22:08:01 [SERVER] [INFO] Damage Indicators Mod Mod v.2.9.2.3 is up to date.
2014-02-10 22:08:02 [SERVER] [INFO] longwing[/127.0.0.1:0] logged in with entity id 4303 at (-183.5, 72.0, 447.5)
2014-02-10 22:08:02 [SERVER] [INFO] longwing joined the game
2014-02-10 22:15:37 [SERVER] [WARNING] Can't keep up! Did the system time change, or is the server overloaded?
2014-02-10 22:24:41 [SERVER] [INFO] Saving and pausing game...
2014-02-10 22:24:41 [SERVER] [INFO] Saving chunks for level 'New World 2'/Overworld
2014-02-10 22:24:41 [SERVER] [INFO] Saving chunks for level 'New World 2'/Nether
2014-02-10 22:24:41 [SERVER] [INFO] Saving chunks for level 'New World 2'/The End
2014-02-10 22:24:41 [SERVER] [INFO] Saving chunks for level 'New World 2'/Promised Land
2014-02-10 22:24:41 [SERVER] [INFO] Saving chunks for level 'New World 2'/Wyvern Lair
2014-02-10 22:24:41 [SERVER] [INFO] Saving chunks for level 'New World 2'/Twilight Forest
2014-02-10 22:24:41 [SERVER] [INFO] Saving chunks for level 'New World 2'/Limbo
2014-02-10 22:24:42 [SERVER] [INFO] longwing lost connection: disconnect.quitting
2014-02-10 22:24:42 [SERVER] [INFO] longwing left the game
2014-02-10 22:24:42 [SERVER] [INFO] Stopping singleplayer server as player logged out
2014-02-10 22:24:42 [SERVER] [INFO] Stopping server
2014-02-10 22:24:42 [SERVER] [INFO] Saving players
2014-02-10 22:24:42 [SERVER] [INFO] Saving worlds
2014-02-10 22:24:42 [SERVER] [INFO] Saving chunks for level 'New World 2'/Overworld
2014-02-10 22:24:42 [SERVER] [INFO] Saving chunks for level 'New World 2'/Nether
2014-02-10 22:24:42 [SERVER] [INFO] Saving chunks for level 'New World 2'/The End
2014-02-10 22:24:42 [SERVER] [INFO] Saving chunks for level 'New World 2'/Promised Land
2014-02-10 22:24:42 [SERVER] [INFO] Saving chunks for level 'New World 2'/Wyvern Lair
2014-02-10 22:24:42 [SERVER] [INFO] Saving chunks for level 'New World 2'/Twilight Forest
2014-02-10 22:24:42 [SERVER] [INFO] Saving chunks for level 'New World 2'/Limbo
2014-02-10 22:48:52 [SERVER] [INFO] Starting integrated minecraft server version 1.6.4
2014-02-10 22:48:52 [SERVER] [INFO] Generating keypair
2014-02-10 22:48:59 [SERVER] [INFO] Preparing start region for level 0
2014-02-10 22:49:03 [SERVER] [INFO] Damage Indicators Mod Mod v.2.9.2.3 is up to date.
2014-02-10 22:49:03 [SERVER] [INFO] longwing[/127.0.0.1:0] logged in with entity id 4478 at (-160.9551600685815, 81.0, 532.978482252769)
2014-02-10 22:49:03 [SERVER] [INFO] longwing joined the game
2014-02-10 22:50:29 [SERVER] [INFO] Saving and pausing game...
2014-02-10 22:50:29 [SERVER] [INFO] Saving chunks for level 'New World 2'/Overworld
2014-02-10 22:50:29 [SERVER] [INFO] Saving chunks for level 'New World 2'/Nether
2014-02-10 22:50:29 [SERVER] [INFO] Saving chunks for level 'New World 2'/The End
2014-02-10 22:50:29 [SERVER] [INFO] Saving chunks for level 'New World 2'/Promised Land
2014-02-10 22:50:29 [SERVER] [INFO] Saving chunks for level 'New World 2'/Wyvern Lair
2014-02-10 22:50:29 [SERVER] [INFO] Saving chunks for level 'New World 2'/Twilight Forest
2014-02-10 22:50:29 [SERVER] [INFO] Saving chunks for level 'New World 2'/Limbo
2014-02-10 22:50:30 [SERVER] [INFO] Stopping server
2014-02-10 22:50:30 [SERVER] [INFO] Saving players
2014-02-10 22:50:30 [SERVER] [INFO] longwing left the game
2014-02-10 22:50:30 [SERVER] [INFO] Saving worlds
2014-02-10 22:50:30 [SERVER] [INFO] Saving chunks for level 'New World 2'/Overworld
2014-02-10 22:50:30 [SERVER] [INFO] Saving chunks for level 'New World 2'/Nether
2014-02-10 22:50:30 [SERVER] [INFO] Saving chunks for level 'New World 2'/The End
2014-02-10 22:50:30 [SERVER] [INFO] Saving chunks for level 'New World 2'/Promised Land
2014-02-10 22:50:30 [SERVER] [INFO] Saving chunks for level 'New World 2'/Wyvern Lair
2014-02-10 22:50:30 [SERVER] [INFO] Saving chunks for level 'New World 2'/Twilight Forest
2014-02-10 22:50:30 [SERVER] [INFO] Saving chunks for level 'New World 2'/Limbo
2014-02-12 21:24:38 [SERVER] [INFO] Starting integrated minecraft server version 1.6.4
2014-02-12 21:24:38 [SERVER] [INFO] Generating keypair
2014-02-12 21:24:38 [SERVER] [INFO] Converting map!
2014-02-12 21:24:38 [SERVER] [INFO] Scanning folders...
2014-02-12 21:24:38 [SERVER] [INFO] Total conversion count is 0
2014-02-12 21:24:47 [SERVER] [INFO] Preparing start region for level 0
2014-02-12 21:24:53 [SERVER] [INFO] Preparing spawn area: 4%
2014-02-12 21:24:56 [SERVER] [INFO] Preparing spawn area: 7%
2014-02-12 21:24:57 [SERVER] [INFO] Preparing spawn area: 23%
2014-02-12 21:24:58 [SERVER] [INFO] Preparing spawn area: 34%
2014-02-12 21:24:59 [SERVER] [INFO] Preparing spawn area: 48%
2014-02-12 21:25:00 [SERVER] [INFO] Preparing spawn area: 63%
2014-02-12 21:25:01 [SERVER] [INFO] Preparing spawn area: 76%
2014-02-12 21:25:02 [SERVER] [INFO] Preparing spawn area: 96%
2014-02-12 21:25:05 [SERVER] [INFO] Damage Indicators Mod Mod v.2.9.2.3 is up to date.
2014-02-12 21:25:05 [SERVER] [INFO] longwing[/127.0.0.1:0] logged in with entity id 5131 at (-25.5, 73.0, 251.5)
2014-02-12 21:25:05 [SERVER] [INFO] longwing joined the game
2014-02-12 21:25:09 [SERVER] [WARNING] Can't keep up! Did the system time change, or is the server overloaded?
2014-02-12 21:27:32 [SERVER] [WARNING] Can't keep up! Did the system time change, or is the server overloaded?
2014-02-12 21:31:33 [SERVER] [WARNING] Can't keep up! Did the system time change, or is the server overloaded?
2014-02-12 21:36:32 [SERVER] [WARNING] longwing moved wrongly!
2014-02-12 21:36:32 [SERVER] [INFO] Saving and pausing game...
2014-02-12 21:36:32 [SERVER] [INFO] Saving chunks for level 'New World 4'/Overworld
2014-02-12 21:36:33 [SERVER] [INFO] Saving chunks for level 'New World 4'/Nether
2014-02-12 21:36:33 [SERVER] [INFO] Saving chunks for level 'New World 4'/The End
2014-02-12 21:36:33 [SERVER] [INFO] Saving chunks for level 'New World 4'/Promised Land
2014-02-12 21:36:33 [SERVER] [INFO] Saving chunks for level 'New World 4'/Wyvern Lair
2014-02-12 21:36:33 [SERVER] [INFO] Saving chunks for level 'New World 4'/Twilight Forest
2014-02-12 21:36:33 [SERVER] [INFO] Saving chunks for level 'New World 4'/Limbo
2014-02-12 21:36:33 [SERVER] [INFO] Saving chunks for level 'New World 4'/PocketDim 3
2014-02-12 21:41:36 [SERVER] [WARNING] longwing moved wrongly!
2014-02-12 21:41:36 [SERVER] [INFO] Saving and pausing game...
2014-02-12 21:41:36 [SERVER] [INFO] Saving chunks for level 'New World 4'/Overworld
2014-02-12 21:41:36 [SERVER] [INFO] Saving chunks for level 'New World 4'/Nether
2014-02-12 21:41:36 [SERVER] [INFO] Saving chunks for level 'New World 4'/The End
2014-02-12 21:41:36 [SERVER] [INFO] Saving chunks for level 'New World 4'/Promised Land
2014-02-12 21:41:36 [SERVER] [INFO] Saving chunks for level 'New World 4'/Wyvern Lair
2014-02-12 21:41:36 [SERVER] [INFO] Saving chunks for level 'New World 4'/Twilight Forest
2014-02-12 21:41:36 [SERVER] [INFO] Saving chunks for level 'New World 4'/Limbo
2014-02-12 21:41:36 [SERVER] [INFO] Saving chunks for level 'New World 4'/PocketDim 5
2014-02-12 21:41:36 [SERVER] [INFO] Saving chunks for level 'New World 4'/PocketDim 3
2014-02-12 21:42:18 [SERVER] [WARNING] longwing moved wrongly!
2014-02-12 21:42:18 [SERVER] [INFO] Saving and pausing game...
2014-02-12 21:42:18 [SERVER] [INFO] Saving chunks for level 'New World 4'/Overworld
2014-02-12 21:42:19 [SERVER] [INFO] Saving chunks for level 'New World 4'/Nether
2014-02-12 21:42:19 [SERVER] [INFO] Saving chunks for level 'New World 4'/The End
2014-02-12 21:42:19 [SERVER] [INFO] Saving chunks for level 'New World 4'/Promised Land
2014-02-12 21:42:19 [SERVER] [INFO] Saving chunks for level 'New World 4'/Wyvern Lair
2014-02-12 21:42:19 [SERVER] [INFO] Saving chunks for level 'New World 4'/Twilight Forest
2014-02-12 21:42:19 [SERVER] [INFO] Saving chunks for level 'New World 4'/Limbo
2014-02-12 21:42:19 [SERVER] [INFO] Saving chunks for level 'New World 4'/PocketDim 5
2014-02-12 21:42:19 [SERVER] [INFO] Saving chunks for level 'New World 4'/PocketDim 3
2014-02-12 21:42:23 [SERVER] [WARNING] longwing moved wrongly!
2014-02-12 21:42:23 [SERVER] [INFO] Saving and pausing game...
2014-02-12 21:42:23 [SERVER] [INFO] Saving chunks for level 'New World 4'/Overworld
2014-02-12 21:42:23 [SERVER] [INFO] Saving chunks for level 'New World 4'/Nether
2014-02-12 21:42:24 [SERVER] [INFO] Saving chunks for level 'New World 4'/The End
2014-02-12 21:42:24 [SERVER] [INFO] Saving chunks for level 'New World 4'/Promised Land
2014-02-12 21:42:24 [SERVER] [INFO] Saving chunks for level 'New World 4'/Wyvern Lair
2014-02-12 21:42:24 [SERVER] [INFO] Saving chunks for level 'New World 4'/Twilight Forest
2014-02-12 21:42:24 [SERVER] [INFO] Saving chunks for level 'New World 4'/Limbo
2014-02-12 21:42:24 [SERVER] [INFO] Saving chunks for level 'New World 4'/PocketDim 5
2014-02-12 21:42:24 [SERVER] [INFO] Saving chunks for level 'New World 4'/PocketDim 3
2014-02-12 21:42:35 [SERVER] [WARNING] longwing moved wrongly!
2014-02-12 21:42:35 [SERVER] [INFO] Saving and pausing game...
2014-02-12 21:42:35 [SERVER] [INFO] Saving chunks for level 'New World 4'/Overworld
2014-02-12 21:42:35 [SERVER] [INFO] Saving chunks for level 'New World 4'/Nether
2014-02-12 21:42:35 [SERVER] [INFO] Saving chunks for level 'New World 4'/The End
2014-02-12 21:42:35 [SERVER] [INFO] Saving chunks for level 'New World 4'/Promised Land
2014-02-12 21:42:35 [SERVER] [INFO] Saving chunks for level 'New World 4'/Wyvern Lair
2014-02-12 21:42:35 [SERVER] [INFO] Saving chunks for level 'New World 4'/Twilight Forest
2014-02-12 21:42:35 [SERVER] [INFO] Saving chunks for level 'New World 4'/PocketDim 6
2014-02-12 21:42:35 [SERVER] [INFO] Saving chunks for level 'New World 4'/Limbo
2014-02-12 21:42:35 [SERVER] [INFO] Saving chunks for level 'New World 4'/PocketDim 5
2014-02-12 21:42:45 [SERVER] [WARNING] longwing moved wrongly!
2014-02-12 21:42:45 [SERVER] [WARNING] Can't keep up! Did the system time change, or is the server overloaded?
2014-02-12 21:42:45 [SERVER] [INFO] Saving and pausing game...
2014-02-12 21:42:45 [SERVER] [INFO] Saving chunks for level 'New World 4'/Overworld
2014-02-12 21:42:45 [SERVER] [INFO] Saving chunks for level 'New World 4'/Nether
2014-02-12 21:42:45 [SERVER] [INFO] Saving chunks for level 'New World 4'/The End
2014-02-12 21:42:45 [SERVER] [INFO] Saving chunks for level 'New World 4'/Promised Land
2014-02-12 21:42:45 [SERVER] [INFO] Saving chunks for level 'New World 4'/Wyvern Lair
2014-02-12 21:42:45 [SERVER] [INFO] Saving chunks for level 'New World 4'/Twilight Forest
2014-02-12 21:42:45 [SERVER] [INFO] Saving chunks for level 'New World 4'/PocketDim 6
2014-02-12 21:42:45 [SERVER] [INFO] Saving chunks for level 'New World 4'/Limbo
2014-02-12 21:42:45 [SERVER] [INFO] Saving chunks for level 'New World 4'/PocketDim 5
2014-02-12 21:42:55 [SERVER] [WARNING] longwing moved wrongly!
2014-02-12 21:42:55 [SERVER] [INFO] Saving and pausing game...
2014-02-12 21:42:55 [SERVER] [INFO] Saving chunks for level 'New World 4'/Overworld
2014-02-12 21:42:56 [SERVER] [INFO] Saving chunks for level 'New World 4'/Nether
2014-02-12 21:42:56 [SERVER] [INFO] Saving chunks for level 'New World 4'/The End
2014-02-12 21:42:56 [SERVER] [INFO] Saving chunks for level 'New World 4'/Promised Land
2014-02-12 21:42:56 [SERVER] [INFO] Saving chunks for level 'New World 4'/Wyvern Lair
2014-02-12 21:42:56 [SERVER] [INFO] Saving chunks for level 'New World 4'/PocketDim 8
2014-02-12 21:42:56 [SERVER] [INFO] Saving chunks for level 'New World 4'/Twilight Forest
2014-02-12 21:42:56 [SERVER] [INFO] Saving chunks for level 'New World 4'/Limbo
2014-02-12 21:42:56 [SERVER] [INFO] Saving chunks for level 'New World 4'/PocketDim 5
2014-02-12 21:46:31 [SERVER] [WARNING] longwing moved wrongly!
2014-02-12 21:46:45 [SERVER] [WARNING] longwing moved wrongly!
2014-02-12 21:46:45 [SERVER] [INFO] Saving and pausing game...
2014-02-12 21:46:45 [SERVER] [INFO] Saving chunks for level 'New World 4'/Overworld
2014-02-12 21:46:45 [SERVER] [INFO] Saving chunks for level 'New World 4'/Nether
2014-02-12 21:46:45 [SERVER] [INFO] Saving chunks for level 'New World 4'/The End
2014-02-12 21:46:45 [SERVER] [INFO] Saving chunks for level 'New World 4'/Promised Land
2014-02-12 21:46:45 [SERVER] [INFO] Saving chunks for level 'New World 4'/Wyvern Lair
2014-02-12 21:46:45 [SERVER] [INFO] Saving chunks for level 'New World 4'/Twilight Forest
2014-02-12 21:46:45 [SERVER] [INFO] Saving chunks for level 'New World 4'/Limbo
2014-02-12 21:46:45 [SERVER] [INFO] Saving chunks for level 'New World 4'/PocketDim 5
2014-02-12 21:46:45 [SERVER] [INFO] Saving chunks for level 'New World 4'/PocketDim 3
2014-02-12 21:47:00 [SERVER] [WARNING] Can't keep up! Did the system time change, or is the server overloaded?
2014-02-12 21:47:17 [SERVER] [WARNING] longwing moved wrongly!
2014-02-12 21:47:17 [SERVER] [INFO] Saving and pausing game...
2014-02-12 21:47:17 [SERVER] [INFO] Saving chunks for level 'New World 4'/Overworld
2014-02-12 21:47:17 [SERVER] [INFO] Saving chunks for level 'New World 4'/Nether
2014-02-12 21:47:17 [SERVER] [INFO] Saving chunks for level 'New World 4'/The End
2014-02-12 21:47:17 [SERVER] [INFO] Saving chunks for level 'New World 4'/Promised Land
2014-02-12 21:47:17 [SERVER] [INFO] Saving chunks for level 'New World 4'/Wyvern Lair
2014-02-12 21:47:17 [SERVER] [INFO] Saving chunks for level 'New World 4'/Twilight Forest
2014-02-12 21:47:17 [SERVER] [INFO] Saving chunks for level 'New World 4'/Limbo
2014-02-12 21:47:17 [SERVER] [INFO] Saving chunks for level 'New World 4'/PocketDim 3
2014-02-12 21:58:10 [SERVER] [WARNING] longwing moved wrongly!
2014-02-12 21:59:13 [SERVER] [WARNING] longwing moved wrongly!
2014-02-12 21:59:13 [SERVER] [INFO] Saving and pausing game...
2014-02-12 21:59:13 [SERVER] [INFO] Saving chunks for level 'New World 4'/Overworld
2014-02-12 21:59:13 [SERVER] [INFO] Saving chunks for level 'New World 4'/Nether
2014-02-12 21:59:13 [SERVER] [INFO] Saving chunks for level 'New World 4'/The End
2014-02-12 21:59:13 [SERVER] [INFO] Saving chunks for level 'New World 4'/Promised Land
2014-02-12 21:59:13 [SERVER] [INFO] Saving chunks for level 'New World 4'/Wyvern Lair
2014-02-12 21:59:13 [SERVER] [INFO] Saving chunks for level 'New World 4'/Twilight Forest
2014-02-12 21:59:13 [SERVER] [INFO] Saving chunks for level 'New World 4'/Limbo
2014-02-12 21:59:13 [SERVER] [INFO] Saving chunks for level 'New World 4'/PocketDim 3
2014-02-12 21:59:31 [SERVER] [WARNING] longwing moved wrongly!
2014-02-12 21:59:31 [SERVER] [INFO] Saving and pausing game...
2014-02-12 21:59:31 [SERVER] [INFO] Saving chunks for level 'New World 4'/Overworld
2014-02-12 21:59:31 [SERVER] [INFO] Saving chunks for level 'New World 4'/Nether
2014-02-12 21:59:31 [SERVER] [INFO] Saving chunks for level 'New World 4'/The End
2014-02-12 21:59:31 [SERVER] [INFO] Saving chunks for level 'New World 4'/Promised Land
2014-02-12 21:59:31 [SERVER] [INFO] Saving chunks for level 'New World 4'/Wyvern Lair
2014-02-12 21:59:31 [SERVER] [INFO] Saving chunks for level 'New World 4'/Twilight Forest
2014-02-12 21:59:31 [SERVER] [INFO] Saving chunks for level 'New World 4'/Limbo
2014-02-12 21:59:31 [SERVER] [INFO] Saving chunks for level 'New World 4'/PocketDim 3
2014-02-12 21:59:41 [SERVER] [WARNING] longwing moved wrongly!
2014-02-12 21:59:41 [SERVER] [WARNING] Can't keep up! Did the system time change, or is the server overloaded?
2014-02-12 21:59:41 [SERVER] [INFO] Saving and pausing game...
2014-02-12 21:59:41 [SERVER] [INFO] Saving chunks for level 'New World 4'/Overworld
2014-02-12 21:59:41 [SERVER] [INFO] Saving chunks for level 'New World 4'/Nether
2014-02-12 21:59:41 [SERVER] [INFO] Saving chunks for level 'New World 4'/The End
2014-02-12 21:59:41 [SERVER] [INFO] Saving chunks for level 'New World 4'/Promised Land
2014-02-12 21:59:41 [SERVER] [INFO] Saving chunks for level 'New World 4'/Wyvern Lair
2014-02-12 21:59:41 [SERVER] [INFO] Saving chunks for level 'New World 4'/Twilight Forest
2014-02-12 21:59:41 [SERVER] [INFO] Saving chunks for level 'New World 4'/Limbo
2014-02-12 21:59:41 [SERVER] [INFO] Saving chunks for level 'New World 4'/PocketDim 5
2014-02-12 21:59:41 [SERVER] [INFO] Saving chunks for level 'New World 4'/PocketDim 3
2014-02-12 21:59:51 [SERVER] [WARNING] longwing moved wrongly!
2014-02-12 21:59:51 [SERVER] [INFO] Saving and pausing game...
2014-02-12 21:59:51 [SERVER] [INFO] Saving chunks for level 'New World 4'/Overworld
2014-02-12 21:59:51 [SERVER] [INFO] Saving chunks for level 'New World 4'/Nether
2014-02-12 21:59:51 [SERVER] [INFO] Saving chunks for level 'New World 4'/The End
2014-02-12 21:59:51 [SERVER] [INFO] Saving chunks for level 'New World 4'/Promised Land
2014-02-12 21:59:51 [SERVER] [INFO] Saving chunks for level 'New World 4'/Wyvern Lair
2014-02-12 21:59:51 [SERVER] [INFO] Saving chunks for level 'New World 4'/Twilight Forest
2014-02-12 21:59:51 [SERVER] [INFO] Saving chunks for level 'New World 4'/Limbo
2014-02-12 21:59:51 [SERVER] [INFO] Saving chunks for level 'New World 4'/PocketDim 5
2014-02-12 21:59:56 [SERVER] [WARNING] longwing moved wrongly!
2014-02-12 21:59:56 [SERVER] [INFO] Saving and pausing game...
2014-02-12 21:59:56 [SERVER] [INFO] Saving chunks for level 'New World 4'/Overworld
2014-02-12 21:59:57 [SERVER] [INFO] Saving chunks for level 'New World 4'/Nether
2014-02-12 21:59:57 [SERVER] [INFO] Saving chunks for level 'New World 4'/The End
2014-02-12 21:59:57 [SERVER] [INFO] Saving chunks for level 'New World 4'/Promised Land
2014-02-12 21:59:57 [SERVER] [INFO] Saving chunks for level 'New World 4'/Wyvern Lair
2014-02-12 21:59:57 [SERVER] [INFO] Saving chunks for level 'New World 4'/Twilight Forest
2014-02-12 21:59:57 [SERVER] [INFO] Saving chunks for level 'New World 4'/Limbo
2014-02-12 21:59:57 [SERVER] [INFO] Saving chunks for level 'New World 4'/PocketDim 5
2014-02-12 22:00:08 [SERVER] [WARNING] longwing moved wrongly!
2014-02-12 22:00:17 [SERVER] [WARNING] longwing moved wrongly!
2014-02-12 22:00:34 [SERVER] [WARNING] longwing moved wrongly!
2014-02-12 22:00:34 [SERVER] [INFO] Saving and pausing game...
2014-02-12 22:00:34 [SERVER] [INFO] Saving chunks for level 'New World 4'/Overworld
2014-02-12 22:00:34 [SERVER] [INFO] Saving chunks for level 'New World 4'/Nether
2014-02-12 22:00:34 [SERVER] [INFO] Saving chunks for level 'New World 4'/The End
2014-02-12 22:00:34 [SERVER] [INFO] Saving chunks for level 'New World 4'/Promised Land
2014-02-12 22:00:34 [SERVER] [INFO] Saving chunks for level 'New World 4'/Wyvern Lair
2014-02-12 22:00:34 [SERVER] [INFO] Saving chunks for level 'New World 4'/PocketDim 9
2014-02-12 22:00:34 [SERVER] [INFO] Saving chunks for level 'New World 4'/Twilight Forest
2014-02-12 22:00:34 [SERVER] [INFO] Saving chunks for level 'New World 4'/Limbo
2014-02-12 22:00:34 [SERVER] [INFO] Saving chunks for level 'New World 4'/PocketDim 5
2014-02-12 22:00:43 [SERVER] [WARNING] longwing moved wrongly!
2014-02-12 22:00:45 [SERVER] [WARNING] Can't keep up! Did the system time change, or is the server overloaded?
2014-02-12 22:00:53 [SERVER] [WARNING] longwing moved wrongly!
2014-02-12 22:00:53 [SERVER] [INFO] Saving and pausing game...
2014-02-12 22:00:53 [SERVER] [INFO] Saving chunks for level 'New World 4'/Overworld
2014-02-12 22:00:54 [SERVER] [INFO] Saving chunks for level 'New World 4'/Nether
2014-02-12 22:00:54 [SERVER] [INFO] Saving chunks for level 'New World 4'/The End
2014-02-12 22:00:54 [SERVER] [INFO] Saving chunks for level 'New World 4'/Promised Land
2014-02-12 22:00:54 [SERVER] [INFO] Saving chunks for level 'New World 4'/Wyvern Lair
2014-02-12 22:00:54 [SERVER] [INFO] Saving chunks for level 'New World 4'/PocketDim 10
2014-02-12 22:00:54 [SERVER] [INFO] Saving chunks for level 'New World 4'/Twilight Forest
2014-02-12 22:00:54 [SERVER] [INFO] Saving chunks for level 'New World 4'/Limbo
2014-02-12 22:00:54 [SERVER] [INFO] Saving chunks for level 'New World 4'/PocketDim 5
2014-02-12 22:09:48 [SERVER] [WARNING] longwing moved wrongly!
2014-02-12 22:09:48 [SERVER] [INFO] Saving and pausing game...
2014-02-12 22:09:48 [SERVER] [INFO] Saving chunks for level 'New World 4'/Overworld
2014-02-12 22:09:48 [SERVER] [INFO] Saving chunks for level 'New World 4'/Nether
2014-02-12 22:09:48 [SERVER] [INFO] Saving chunks for level 'New World 4'/The End
2014-02-12 22:09:48 [SERVER] [INFO] Saving chunks for level 'New World 4'/Promised Land
2014-02-12 22:09:48 [SERVER] [INFO] Saving chunks for level 'New World 4'/Wyvern Lair
2014-02-12 22:09:48 [SERVER] [INFO] Saving chunks for level 'New World 4'/PocketDim 10
2014-02-12 22:09:48 [SERVER] [INFO] Saving chunks for level 'New World 4'/Twilight Forest
2014-02-12 22:09:48 [SERVER] [INFO] Saving chunks for level 'New World 4'/Limbo
2014-02-12 22:09:48 [SERVER] [INFO] Saving chunks for level 'New World 4'/PocketDim 5
2014-02-12 22:09:57 [SERVER] [WARNING] longwing moved wrongly!
2014-02-12 22:09:57 [SERVER] [INFO] Saving and pausing game...
2014-02-12 22:09:57 [SERVER] [INFO] Saving chunks for level 'New World 4'/Overworld
2014-02-12 22:09:57 [SERVER] [INFO] Saving chunks for level 'New World 4'/Nether
2014-02-12 22:09:57 [SERVER] [INFO] Saving chunks for level 'New World 4'/The End
2014-02-12 22:09:57 [SERVER] [INFO] Saving chunks for level 'New World 4'/Promised Land
2014-02-12 22:09:57 [SERVER] [INFO] Saving chunks for level 'New World 4'/Wyvern Lair
2014-02-12 22:09:57 [SERVER] [INFO] Saving chunks for level 'New World 4'/PocketDim 9
2014-02-12 22:09:57 [SERVER] [INFO] Saving chunks for level 'New World 4'/Twilight Forest
2014-02-12 22:09:57 [SERVER] [INFO] Saving chunks for level 'New World 4'/Limbo
2014-02-12 22:09:57 [SERVER] [INFO] Saving chunks for level 'New World 4'/PocketDim 5
2014-02-12 22:10:03 [SERVER] [WARNING] longwing moved wrongly!
2014-02-12 22:10:03 [SERVER] [WARNING] Can't keep up! Did the system time change, or is the server overloaded?
2014-02-12 22:10:03 [SERVER] [INFO] Saving and pausing game...
2014-02-12 22:10:03 [SERVER] [INFO] Saving chunks for level 'New World 4'/Overworld
2014-02-12 22:10:04 [SERVER] [INFO] Saving chunks for level 'New World 4'/Nether
2014-02-12 22:10:04 [SERVER] [INFO] Saving chunks for level 'New World 4'/The End
2014-02-12 22:10:04 [SERVER] [INFO] Saving chunks for level 'New World 4'/Promised Land
2014-02-12 22:10:04 [SERVER] [INFO] Saving chunks for level 'New World 4'/Wyvern Lair
2014-02-12 22:10:04 [SERVER] [INFO] Saving chunks for level 'New World 4'/PocketDim 9
2014-02-12 22:10:04 [SERVER] [INFO] Saving chunks for level 'New World 4'/Twilight Forest
2014-02-12 22:10:04 [SERVER] [INFO] Saving chunks for level 'New World 4'/Limbo
2014-02-12 22:10:04 [SERVER] [INFO] Saving chunks for level 'New World 4'/PocketDim 5
2014-02-12 22:10:16 [SERVER] [WARNING] longwing moved wrongly!
2014-02-12 22:10:16 [SERVER] [INFO] Saving and pausing game...
2014-02-12 22:10:16 [SERVER] [INFO] Saving chunks for level 'New World 4'/Overworld
2014-02-12 22:10:16 [SERVER] [INFO] Saving chunks for level 'New World 4'/Nether
2014-02-12 22:10:16 [SERVER] [INFO] Saving chunks for level 'New World 4'/The End
2014-02-12 22:10:16 [SERVER] [INFO] Saving chunks for level 'New World 4'/Promised Land
2014-02-12 22:10:16 [SERVER] [INFO] Saving chunks for level 'New World 4'/Wyvern Lair
2014-02-12 22:10:16 [SERVER] [INFO] Saving chunks for level 'New World 4'/Twilight Forest
2014-02-12 22:10:16 [SERVER] [INFO] Saving chunks for level 'New World 4'/Limbo
2014-02-12 22:10:16 [SERVER] [INFO] Saving chunks for level 'New World 4'/PocketDim 5
2014-02-12 22:10:18 [SERVER] [INFO] longwing was slain by Angry Zombie
2014-02-12 22:10:24 [SERVER] [INFO] Saving and pausing game...
2014-02-12 22:10:24 [SERVER] [INFO] Saving chunks for level 'New World 4'/Overworld
2014-02-12 22:10:24 [SERVER] [INFO] Saving chunks for level 'New World 4'/Nether
2014-02-12 22:10:24 [SERVER] [INFO] Saving chunks for level 'New World 4'/The End
2014-02-12 22:10:24 [SERVER] [INFO] Saving chunks for level 'New World 4'/Promised Land
2014-02-12 22:10:24 [SERVER] [INFO] Saving chunks for level 'New World 4'/Wyvern Lair
2014-02-12 22:10:24 [SERVER] [INFO] Saving chunks for level 'New World 4'/Twilight Forest
2014-02-12 22:10:24 [SERVER] [INFO] Saving chunks for level 'New World 4'/Limbo
2014-02-12 22:10:43 [SERVER] [INFO] Saving and pausing game...
2014-02-12 22:10:43 [SERVER] [INFO] Saving chunks for level 'New World 4'/Overworld
2014-02-12 22:10:43 [SERVER] [INFO] Saving chunks for level 'New World 4'/Nether
2014-02-12 22:10:43 [SERVER] [INFO] Saving chunks for level 'New World 4'/The End
2014-02-12 22:10:43 [SERVER] [INFO] Saving chunks for level 'New World 4'/Promised Land
2014-02-12 22:10:43 [SERVER] [INFO] Saving chunks for level 'New World 4'/Wyvern Lair
2014-02-12 22:10:43 [SERVER] [INFO] Saving chunks for level 'New World 4'/Twilight Forest
2014-02-12 22:10:43 [SERVER] [INFO] Saving chunks for level 'New World 4'/Limbo
2014-02-12 22:10:44 [SERVER] [INFO] Stopping server
2014-02-12 22:10:44 [SERVER] [INFO] Saving players
2014-02-12 22:10:44 [SERVER] [INFO] longwing left the game
2014-02-12 22:10:44 [SERVER] [INFO] Saving worlds
2014-02-12 22:10:44 [SERVER] [INFO] Saving chunks for level 'New World 4'/Overworld
2014-02-12 22:10:44 [SERVER] [INFO] Saving chunks for level 'New World 4'/Nether
2014-02-12 22:10:44 [SERVER] [INFO] Saving chunks for level 'New World 4'/The End
2014-02-12 22:10:44 [SERVER] [INFO] Saving chunks for level 'New World 4'/Promised Land
2014-02-12 22:10:44 [SERVER] [INFO] Saving chunks for level 'New World 4'/Wyvern Lair
2014-02-12 22:10:44 [SERVER] [INFO] Saving chunks for level 'New World 4'/Twilight Forest
2014-02-12 22:10:44 [SERVER] [INFO] Saving chunks for level 'New World 4'/Limbo
2014-02-13 08:29:12 [SERVER] [INFO] Starting integrated minecraft server version 1.6.4
2014-02-13 08:29:12 [SERVER] [INFO] Generating keypair
2014-02-13 08:29:12 [SERVER] [INFO] Converting map!
2014-02-13 08:29:12 [SERVER] [INFO] Scanning folders...
2014-02-13 08:29:12 [SERVER] [INFO] Total conversion count is 0
2014-02-13 08:29:21 [SERVER] [INFO] Preparing start region for level 0
2014-02-13 08:29:27 [SERVER] [INFO] Preparing spawn area: 4%
2014-02-13 08:29:28 [SERVER] [INFO] Preparing spawn area: 14%
2014-02-13 08:29:29 [SERVER] [INFO] Preparing spawn area: 29%
2014-02-13 08:29:30 [SERVER] [INFO] Preparing spawn area: 42%
2014-02-13 08:29:31 [SERVER] [INFO] Preparing spawn area: 53%
2014-02-13 08:29:34 [SERVER] [INFO] Preparing spawn area: 59%
2014-02-13 08:29:35 [SERVER] [INFO] Preparing spawn area: 66%
2014-02-13 08:29:36 [SERVER] [INFO] Preparing spawn area: 79%
2014-02-13 08:29:37 [SERVER] [INFO] Preparing spawn area: 93%
2014-02-13 08:29:40 [SERVER] [INFO] Damage Indicators Mod Mod v.2.9.2.3 is up to date.
2014-02-13 08:29:41 [SERVER] [INFO] longwing[/127.0.0.1:0] logged in with entity id 4784 at (-42.5, 107.0, 226.5)
2014-02-13 08:29:41 [SERVER] [INFO] longwing joined the game
2014-02-13 08:29:44 [SERVER] [WARNING] Can't keep up! Did the system time change, or is the server overloaded?
2014-02-13 08:29:48 [SERVER] [INFO] Saving and pausing game...
2014-02-13 08:29:48 [SERVER] [INFO] Saving chunks for level 'New World 5'/Overworld
2014-02-13 08:29:52 [SERVER] [INFO] Saving chunks for level 'New World 5'/Nether
2014-02-13 08:29:52 [SERVER] [INFO] Saving chunks for level 'New World 5'/The End
2014-02-13 08:29:52 [SERVER] [INFO] Saving chunks for level 'New World 5'/Promised Land
2014-02-13 08:29:52 [SERVER] [INFO] Saving chunks for level 'New World 5'/Wyvern Lair
2014-02-13 08:29:52 [SERVER] [INFO] Saving chunks for level 'New World 5'/Twilight Forest
2014-02-13 08:29:52 [SERVER] [INFO] Saving chunks for level 'New World 5'/Limbo
2014-02-13 08:36:20 [SERVER] [INFO] longwing was slain by Zombie
2014-02-13 08:37:32 [SERVER] [INFO] Saving and pausing game...
2014-02-13 08:37:32 [SERVER] [INFO] Saving chunks for level 'New World 5'/Overworld
2014-02-13 08:37:32 [SERVER] [INFO] Saving chunks for level 'New World 5'/Nether
2014-02-13 08:37:32 [SERVER] [INFO] Saving chunks for level 'New World 5'/The End
2014-02-13 08:37:32 [SERVER] [INFO] Saving chunks for level 'New World 5'/Promised Land
2014-02-13 08:37:32 [SERVER] [INFO] Saving chunks for level 'New World 5'/Wyvern Lair
2014-02-13 08:37:32 [SERVER] [INFO] Saving chunks for level 'New World 5'/Twilight Forest
2014-02-13 08:37:32 [SERVER] [INFO] Saving chunks for level 'New World 5'/Limbo
2014-02-13 08:37:34 [SERVER] [INFO] Stopping server
2014-02-13 08:37:34 [SERVER] [INFO] Saving players
2014-02-13 08:37:34 [SERVER] [INFO] longwing left the game
2014-02-13 08:37:34 [SERVER] [INFO] Saving worlds
2014-02-13 08:37:34 [SERVER] [INFO] Saving chunks for level 'New World 5'/Overworld
2014-02-13 08:37:34 [SERVER] [INFO] Saving chunks for level 'New World 5'/Nether
2014-02-13 08:37:34 [SERVER] [INFO] Saving chunks for level 'New World 5'/The End
2014-02-13 08:37:34 [SERVER] [INFO] Saving chunks for level 'New World 5'/Promised Land
2014-02-13 08:37:34 [SERVER] [INFO] Saving chunks for level 'New World 5'/Wyvern Lair
2014-02-13 08:37:34 [SERVER] [INFO] Saving chunks for level 'New World 5'/Twilight Forest
2014-02-13 08:37:34 [SERVER] [INFO] Saving chunks for level 'New World 5'/Limbo
2014-02-13 12:27:30 [SERVER] [INFO] Starting integrated minecraft server version 1.6.4
2014-02-13 12:27:30 [SERVER] [INFO] Generating keypair
2014-02-13 12:27:30 [SERVER] [INFO] Converting map!
2014-02-13 12:27:30 [SERVER] [INFO] Scanning folders...
2014-02-13 12:27:30 [SERVER] [INFO] Total conversion count is 0
2014-02-13 12:27:30 [SERVER] [INFO] Preparing start region for level 0
2014-02-13 12:27:36 [SERVER] [INFO] Preparing spawn area: 4%
2014-02-13 12:27:37 [SERVER] [INFO] Preparing spawn area: 14%
2014-02-13 12:27:38 [SERVER] [INFO] Preparing spawn area: 21%
2014-02-13 12:27:39 [SERVER] [INFO] Preparing spawn area: 34%
2014-02-13 12:27:41 [SERVER] [INFO] Preparing spawn area: 49%
2014-02-13 12:27:42 [SERVER] [INFO] Preparing spawn area: 63%
2014-02-13 12:27:43 [SERVER] [INFO] Preparing spawn area: 81%
2014-02-13 12:27:44 [SERVER] [INFO] Preparing spawn area: 89%
2014-02-13 12:27:45 [SERVER] [INFO] Preparing spawn area: 92%
2014-02-13 12:27:48 [SERVER] [INFO] Damage Indicators Mod Mod v.2.9.2.3 is up to date.
2014-02-13 12:27:49 [SERVER] [INFO] longwing[/127.0.0.1:0] logged in with entity id 798 at (-142.5, 64.0, 339.5)
2014-02-13 12:27:49 [SERVER] [INFO] longwing joined the game
2014-02-13 12:27:53 [SERVER] [INFO] Saving and pausing game...
2014-02-13 12:27:53 [SERVER] [INFO] Saving chunks for level 'New World 6'/Overworld
2014-02-13 12:28:01 [SERVER] [INFO] Saving chunks for level 'New World 6'/Nether
2014-02-13 12:28:01 [SERVER] [INFO] Saving chunks for level 'New World 6'/The End
2014-02-13 12:28:01 [SERVER] [INFO] Saving chunks for level 'New World 6'/Promised Land
2014-02-13 12:28:01 [SERVER] [INFO] Saving chunks for level 'New World 6'/Wyvern Lair
2014-02-13 12:28:01 [SERVER] [INFO] Saving chunks for level 'New World 6'/Twilight Forest
2014-02-13 12:28:01 [SERVER] [INFO] Saving chunks for level 'New World 6'/Limbo
2014-02-13 12:28:01 [SERVER] [WARNING] Can't keep up! Did the system time change, or is the server overloaded?
2014-02-13 12:30:41 [SERVER] [INFO] [longwing: Set own game mode to Survival Mode]
2014-02-13 12:30:47 [SERVER] [INFO] [longwing: Set own game mode to Creative Mode]
2014-02-13 12:36:09 [SERVER] [INFO] Saving and pausing game...
2014-02-13 12:36:09 [SERVER] [INFO] Saving chunks for level 'New World 6'/Overworld
2014-02-13 12:36:09 [SERVER] [INFO] Saving chunks for level 'New World 6'/Nether
2014-02-13 12:36:09 [SERVER] [INFO] Saving chunks for level 'New World 6'/The End
2014-02-13 12:36:09 [SERVER] [INFO] Saving chunks for level 'New World 6'/Promised Land
2014-02-13 12:36:09 [SERVER] [INFO] Saving chunks for level 'New World 6'/Wyvern Lair
2014-02-13 12:36:09 [SERVER] [INFO] Saving chunks for level 'New World 6'/Twilight Forest
2014-02-13 12:36:09 [SERVER] [INFO] Saving chunks for level 'New World 6'/Limbo
2014-02-13 12:38:52 [SERVER] [INFO] Saving and pausing game...
2014-02-13 12:38:52 [SERVER] [INFO] Saving chunks for level 'New World 6'/Overworld
2014-02-13 12:38:52 [SERVER] [INFO] Saving chunks for level 'New World 6'/Nether
2014-02-13 12:38:52 [SERVER] [INFO] Saving chunks for level 'New World 6'/The End
2014-02-13 12:38:52 [SERVER] [INFO] Saving chunks for level 'New World 6'/Promised Land
2014-02-13 12:38:52 [SERVER] [INFO] Saving chunks for level 'New World 6'/Wyvern Lair
2014-02-13 12:38:52 [SERVER] [INFO] Saving chunks for level 'New World 6'/Twilight Forest
2014-02-13 12:38:52 [SERVER] [INFO] Saving chunks for level 'New World 6'/Limbo
2014-02-13 12:46:04 [SERVER] [INFO] Saving and pausing game...
2014-02-13 12:46:04 [SERVER] [INFO] Saving chunks for level 'New World 6'/Overworld
2014-02-13 12:46:04 [SERVER] [INFO] Saving chunks for level 'New World 6'/Nether
2014-02-13 12:46:04 [SERVER] [INFO] Saving chunks for level 'New World 6'/The End
2014-02-13 12:46:04 [SERVER] [INFO] Saving chunks for level 'New World 6'/Promised Land
2014-02-13 12:46:04 [SERVER] [INFO] Saving chunks for level 'New World 6'/Wyvern Lair
2014-02-13 12:46:04 [SERVER] [INFO] Saving chunks for level 'New World 6'/Twilight Forest
2014-02-13 12:46:04 [SERVER] [INFO] Saving chunks for level 'New World 6'/Limbo
2014-02-13 12:46:06 [SERVER] [INFO] Stopping server
2014-02-13 12:46:06 [SERVER] [INFO] Saving players
2014-02-13 12:46:06 [SERVER] [INFO] longwing left the game
2014-02-13 12:46:06 [SERVER] [INFO] Saving worlds
2014-02-13 12:46:06 [SERVER] [INFO] Saving chunks for level 'New World 6'/Overworld
2014-02-13 12:46:06 [SERVER] [INFO] Saving chunks for level 'New World 6'/Nether
2014-02-13 12:46:06 [SERVER] [INFO] Saving chunks for level 'New World 6'/The End
2014-02-13 12:46:06 [SERVER] [INFO] Saving chunks for level 'New World 6'/Promised Land
2014-02-13 12:46:06 [SERVER] [INFO] Saving chunks for level 'New World 6'/Wyvern Lair
2014-02-13 12:46:06 [SERVER] [INFO] Saving chunks for level 'New World 6'/Twilight Forest
2014-02-13 12:46:06 [SERVER] [INFO] Saving chunks for level 'New World 6'/Limbo
2014-02-13 15:37:56 [SERVER] [INFO] Starting integrated minecraft server version 1.6.4
2014-02-13 15:37:56 [SERVER] [INFO] Generating keypair
2014-02-13 15:37:56 [SERVER] [INFO] Converting map!
2014-02-13 15:37:56 [SERVER] [INFO] Scanning folders...
2014-02-13 15:37:56 [SERVER] [INFO] Total conversion count is 0
2014-02-13 15:38:04 [SERVER] [INFO] Preparing start region for level 0
2014-02-13 15:38:08 [SERVER] [INFO] Preparing spawn area: 4%
2014-02-13 15:38:09 [SERVER] [INFO] Preparing spawn area: 9%
2014-02-13 15:38:10 [SERVER] [INFO] Preparing spawn area: 18%
2014-02-13 15:38:11 [SERVER] [INFO] Preparing spawn area: 29%
2014-02-13 15:38:12 [SERVER] [INFO] Preparing spawn area: 40%
2014-02-13 15:38:13 [SERVER] [INFO] Preparing spawn area: 52%
2014-02-13 15:38:14 [SERVER] [INFO] Preparing spawn area: 68%
2014-02-13 15:38:15 [SERVER] [INFO] Preparing spawn area: 82%
2014-02-13 15:38:16 [SERVER] [INFO] Preparing spawn area: 96%
2014-02-13 15:38:20 [SERVER] [INFO] Damage Indicators Mod Mod v.2.9.2.3 is up to date.
2014-02-13 15:38:20 [SERVER] [INFO] longwing[/127.0.0.1:0] logged in with entity id 4347 at (-64.5, 82.0, 249.5)
2014-02-13 15:38:20 [SERVER] [INFO] longwing joined the game
2014-02-13 15:41:40 [SERVER] [INFO] [longwing: Set own game mode to Creative Mode]
2014-02-13 15:43:34 [SERVER] [WARNING] Can't keep up! Did the system time change, or is the server overloaded?
2014-02-13 15:47:24 [SERVER] [WARNING] Can't keep up! Did the system time change, or is the server overloaded?
2014-02-13 15:49:19 [SERVER] [INFO] Saving and pausing game...
2014-02-13 15:49:19 [SERVER] [INFO] Saving chunks for level 'New World 7'/Overworld
2014-02-13 15:49:19 [SERVER] [INFO] Saving chunks for level 'New World 7'/Nether
2014-02-13 15:49:19 [SERVER] [INFO] Saving chunks for level 'New World 7'/The End
2014-02-13 15:49:19 [SERVER] [INFO] Saving chunks for level 'New World 7'/Promised Land
2014-02-13 15:49:19 [SERVER] [INFO] Saving chunks for level 'New World 7'/Wyvern Lair
2014-02-13 15:49:19 [SERVER] [INFO] Saving chunks for level 'New World 7'/Twilight Forest
2014-02-13 15:49:19 [SERVER] [INFO] Saving chunks for level 'New World 7'/Limbo
2014-02-13 15:49:21 [SERVER] [INFO] Stopping server
2014-02-13 15:49:21 [SERVER] [INFO] Saving players
2014-02-13 15:49:21 [SERVER] [INFO] longwing left the game
2014-02-13 15:49:21 [SERVER] [INFO] Saving worlds
2014-02-13 15:49:21 [SERVER] [INFO] Saving chunks for level 'New World 7'/Overworld
2014-02-13 15:49:21 [SERVER] [INFO] Saving chunks for level 'New World 7'/Nether
2014-02-13 15:49:21 [SERVER] [INFO] Saving chunks for level 'New World 7'/The End
2014-02-13 15:49:21 [SERVER] [INFO] Saving chunks for level 'New World 7'/Promised Land
2014-02-13 15:49:21 [SERVER] [INFO] Saving chunks for level 'New World 7'/Wyvern Lair
2014-02-13 15:49:21 [SERVER] [INFO] Saving chunks for level 'New World 7'/Twilight Forest
2014-02-13 15:49:21 [SERVER] [INFO] Saving chunks for level 'New World 7'/Limbo
2014-02-16 19:42:36 [SERVER] [INFO] Starting integrated minecraft server version 1.6.4
2014-02-16 19:42:36 [SERVER] [INFO] Generating keypair
2014-02-16 19:42:36 [SERVER] [INFO] Converting map!
2014-02-16 19:42:36 [SERVER] [INFO] Scanning folders...
2014-02-16 19:42:36 [SERVER] [INFO] Total conversion count is 0
2014-02-16 19:42:37 [SERVER] [INFO] Preparing start region for level 0
2014-02-16 19:42:42 [SERVER] [INFO] Preparing spawn area: 4%
2014-02-16 19:42:43 [SERVER] [INFO] Preparing spawn area: 12%
2014-02-16 19:42:44 [SERVER] [INFO] Preparing spawn area: 25%
2014-02-16 19:42:45 [SERVER] [INFO] Preparing spawn area: 40%
2014-02-16 19:42:46 [SERVER] [INFO] Preparing spawn area: 52%
2014-02-16 19:42:47 [SERVER] [INFO] Preparing spawn area: 62%
2014-02-16 19:42:49 [SERVER] [INFO] Preparing spawn area: 77%
2014-02-16 19:42:50 [SERVER] [INFO] Preparing spawn area: 89%
2014-02-16 19:42:55 [SERVER] [INFO] Damage Indicators Mod Mod v.2.9.2.3 is up to date.
2014-02-16 19:42:55 [SERVER] [INFO] longwing[/127.0.0.1:0] logged in with entity id 750 at (156.5, 69.0, 256.5)
2014-02-16 19:42:55 [SERVER] [INFO] longwing joined the game
2014-02-16 19:42:59 [SERVER] [WARNING] Can't keep up! Did the system time change, or is the server overloaded?
2014-02-16 19:43:01 [SERVER] [INFO] Saving and pausing game...
2014-02-16 19:43:01 [SERVER] [INFO] Saving chunks for level 'New World 10'/Overworld
2014-02-16 19:43:08 [SERVER] [INFO] Saving chunks for level 'New World 10'/Nether
2014-02-16 19:43:08 [SERVER] [INFO] Saving chunks for level 'New World 10'/The End
2014-02-16 19:43:08 [SERVER] [INFO] Saving chunks for level 'New World 10'/Promised Land
2014-02-16 19:43:08 [SERVER] [INFO] Saving chunks for level 'New World 10'/Wyvern Lair
2014-02-16 19:43:08 [SERVER] [INFO] Saving chunks for level 'New World 10'/Twilight Forest
2014-02-16 19:43:08 [SERVER] [INFO] Saving chunks for level 'New World 10'/Limbo
2014-02-16 19:43:44 [SERVER] [INFO] [longwing: Set own game mode to Creative Mode]
2014-02-16 19:46:16 [SERVER] [WARNING] Can't keep up! Did the system time change, or is the server overloaded?
2014-02-16 19:57:11 [SERVER] [INFO] Saving and pausing game...
2014-02-16 19:57:11 [SERVER] [INFO] Saving chunks for level 'New World 10'/Overworld
2014-02-16 19:57:11 [SERVER] [INFO] Saving chunks for level 'New World 10'/Nether
2014-02-16 19:57:11 [SERVER] [INFO] Saving chunks for level 'New World 10'/The End
2014-02-16 19:57:11 [SERVER] [INFO] Saving chunks for level 'New World 10'/Promised Land
2014-02-16 19:57:11 [SERVER] [INFO] Saving chunks for level 'New World 10'/Wyvern Lair
2014-02-16 19:57:11 [SERVER] [INFO] Saving chunks for level 'New World 10'/Twilight Forest
2014-02-16 19:57:11 [SERVER] [INFO] Saving chunks for level 'New World 10'/Limbo
2014-02-16 19:57:13 [SERVER] [INFO] Stopping server
2014-02-16 19:57:13 [SERVER] [INFO] Saving players
2014-02-16 19:57:13 [SERVER] [INFO] longwing left the game
2014-02-16 19:57:13 [SERVER] [INFO] Saving worlds
2014-02-16 19:57:13 [SERVER] [INFO] Saving chunks for level 'New World 10'/Overworld
2014-02-16 19:57:13 [SERVER] [INFO] Saving chunks for level 'New World 10'/Nether
2014-02-16 19:57:13 [SERVER] [INFO] Saving chunks for level 'New World 10'/The End
2014-02-16 19:57:13 [SERVER] [INFO] Saving chunks for level 'New World 10'/Promised Land
2014-02-16 19:57:13 [SERVER] [INFO] Saving chunks for level 'New World 10'/Wyvern Lair
2014-02-16 19:57:13 [SERVER] [INFO] Saving chunks for level 'New World 10'/Twilight Forest
2014-02-16 19:57:13 [SERVER] [INFO] Saving chunks for level 'New World 10'/Limbo
2014-03-03 13:08:40 [SERVER] [INFO] Starting integrated minecraft server version 1.6.4
2014-03-03 13:08:40 [SERVER] [INFO] Generating keypair
2014-03-03 13:08:40 [SERVER] [INFO] Converting map!
2014-03-03 13:08:40 [SERVER] [INFO] Scanning folders...
2014-03-03 13:08:40 [SERVER] [INFO] Total conversion count is 0
2014-03-03 13:08:41 [SERVER] [INFO] Preparing start region for level 0
2014-03-03 13:08:49 [SERVER] [INFO] Preparing spawn area: 4%
2014-03-03 13:08:50 [SERVER] [INFO] Preparing spawn area: 17%
2014-03-03 13:08:51 [SERVER] [INFO] Preparing spawn area: 36%
2014-03-03 13:08:52 [SERVER] [INFO] Preparing spawn area: 50%
2014-03-03 13:08:53 [SERVER] [INFO] Preparing spawn area: 68%
2014-03-03 13:08:54 [SERVER] [INFO] Preparing spawn area: 83%
2014-03-03 13:08:55 [SERVER] [INFO] Preparing spawn area: 99%
2014-03-03 13:08:58 [SERVER] [INFO] Damage Indicators Mod Mod v.2.9.2.3 is up to date.
2014-03-03 13:08:58 [SERVER] [INFO] longwing[/127.0.0.1:0] logged in with entity id 422 at (-47.5, 66.0, 107.5)
2014-03-03 13:08:58 [SERVER] [INFO] longwing joined the game
2014-03-03 13:09:02 [SERVER] [WARNING] Can't keep up! Did the system time change, or is the server overloaded?
2014-03-03 13:11:53 [SERVER] [INFO] [longwing: Set own game mode to Creative Mode]
2014-03-03 13:12:11 [SERVER] [INFO] Saving and pausing game...
2014-03-03 13:12:11 [SERVER] [INFO] Saving chunks for level 'New World 11'/Overworld
2014-03-03 13:12:11 [SERVER] [INFO] Saving chunks for level 'New World 11'/Nether
2014-03-03 13:12:11 [SERVER] [INFO] Saving chunks for level 'New World 11'/The End
2014-03-03 13:12:11 [SERVER] [INFO] Saving chunks for level 'New World 11'/Promised Land
2014-03-03 13:12:11 [SERVER] [INFO] Saving chunks for level 'New World 11'/Wyvern Lair
2014-03-03 13:12:11 [SERVER] [INFO] Saving chunks for level 'New World 11'/Twilight Forest
2014-03-03 13:12:11 [SERVER] [INFO] Saving chunks for level 'New World 11'/Limbo
2014-03-03 13:18:22 [SERVER] [INFO] Saving and pausing game...
2014-03-03 13:18:22 [SERVER] [INFO] Saving chunks for level 'New World 11'/Overworld
2014-03-03 13:18:22 [SERVER] [INFO] Saving chunks for level 'New World 11'/Nether
2014-03-03 13:18:22 [SERVER] [INFO] Saving chunks for level 'New World 11'/The End
2014-03-03 13:18:22 [SERVER] [INFO] Saving chunks for level 'New World 11'/Promised Land
2014-03-03 13:18:22 [SERVER] [INFO] Saving chunks for level 'New World 11'/Wyvern Lair
2014-03-03 13:18:22 [SERVER] [INFO] Saving chunks for level 'New World 11'/Twilight Forest
2014-03-03 13:18:22 [SERVER] [INFO] Saving chunks for level 'New World 11'/Limbo
2014-03-03 13:18:23 [SERVER] [INFO] longwing lost connection: disconnect.quitting
2014-03-03 13:18:23 [SERVER] [INFO] longwing left the game
2014-03-03 13:18:23 [SERVER] [INFO] Stopping singleplayer server as player logged out
2014-03-03 13:18:23 [SERVER] [INFO] Stopping server
2014-03-03 13:18:23 [SERVER] [INFO] Saving players
2014-03-03 13:18:23 [SERVER] [INFO] Saving worlds
2014-03-03 13:18:23 [SERVER] [INFO] Saving chunks for level 'New World 11'/Overworld
2014-03-03 13:18:23 [SERVER] [INFO] Saving chunks for level 'New World 11'/Nether
2014-03-03 13:18:23 [SERVER] [INFO] Saving chunks for level 'New World 11'/The End
2014-03-03 13:18:23 [SERVER] [INFO] Saving chunks for level 'New World 11'/Promised Land
2014-03-03 13:18:23 [SERVER] [INFO] Saving chunks for level 'New World 11'/Wyvern Lair
2014-03-03 13:18:23 [SERVER] [INFO] Saving chunks for level 'New World 11'/Twilight Forest
2014-03-03 13:18:23 [SERVER] [INFO] Saving chunks for level 'New World 11'/Limbo
2014-03-03 13:20:25 [SERVER] [INFO] Starting integrated minecraft server version 1.6.4
2014-03-03 13:20:25 [SERVER] [INFO] Generating keypair
2014-03-03 13:20:25 [SERVER] [INFO] Converting map!
2014-03-03 13:20:25 [SERVER] [INFO] Scanning folders...
2014-03-03 13:20:25 [SERVER] [INFO] Total conversion count is 0
2014-03-03 13:20:27 [SERVER] [INFO] Preparing start region for level 0
2014-03-03 13:20:31 [SERVER] [INFO] Preparing spawn area: 4%
2014-03-03 13:20:32 [SERVER] [INFO] Preparing spawn area: 7%
2014-03-03 13:20:33 [SERVER] [INFO] Preparing spawn area: 13%
2014-03-03 13:20:34 [SERVER] [INFO] Preparing spawn area: 20%
2014-03-03 13:20:35 [SERVER] [INFO] Preparing spawn area: 28%
2014-03-03 13:20:37 [SERVER] [INFO] Preparing spawn area: 34%
2014-03-03 13:20:38 [SERVER] [INFO] Preparing spawn area: 40%
2014-03-03 13:20:39 [SERVER] [INFO] Preparing spawn area: 48%
2014-03-03 13:20:40 [SERVER] [INFO] Preparing spawn area: 53%
2014-03-03 13:20:41 [SERVER] [INFO] Preparing spawn area: 61%
2014-03-03 13:20:42 [SERVER] [INFO] Preparing spawn area: 70%
2014-03-03 13:20:43 [SERVER] [INFO] Preparing spawn area: 79%
2014-03-03 13:20:44 [SERVER] [INFO] Preparing spawn area: 85%
2014-03-03 13:20:45 [SERVER] [INFO] Preparing spawn area: 93%
2014-03-03 13:20:49 [SERVER] [INFO] Damage Indicators Mod Mod v.2.9.2.3 is up to date.
2014-03-03 13:20:49 [SERVER] [INFO] longwing[/127.0.0.1:0] logged in with entity id 610 at (183.5, 66.0, 399.5)
2014-03-03 13:20:49 [SERVER] [INFO] longwing joined the game
2014-03-03 13:21:12 [SERVER] [INFO] [longwing: Set own game mode to Creative Mode]
2014-03-03 13:31:56 [SERVER] [WARNING] Can't keep up! Did the system time change, or is the server overloaded?
2014-03-03 13:33:01 [SERVER] [INFO] [longwing: Set the time to 0 in dimension 0]
2014-03-03 13:33:14 [SERVER] [WARNING] Can't keep up! Did the system time change, or is the server overloaded?
2014-03-03 13:34:01 [SERVER] [WARNING] Can't keep up! Did the system time change, or is the server overloaded?
2014-03-03 13:39:58 [SERVER] [WARNING] Can't keep up! Did the system time change, or is the server overloaded?
2014-03-03 13:43:13 [SERVER] [WARNING] Can't keep up! Did the system time change, or is the server overloaded?
2014-03-03 13:43:31 [SERVER] [WARNING] Can't keep up! Did the system time change, or is the server overloaded?
2014-03-03 13:43:40 [SERVER] [INFO] [longwing: Set the time to 0 in dimension 0]
2014-03-03 13:43:56 [SERVER] [WARNING] Can't keep up! Did the system time change, or is the server overloaded?
2014-03-03 13:44:15 [SERVER] [WARNING] Can't keep up! Did the system time change, or is the server overloaded?
2014-03-03 13:51:53 [SERVER] [INFO] Saving and pausing game...
2014-03-03 13:51:53 [SERVER] [INFO] Saving chunks for level 'New World 12 atg'/Overworld
2014-03-03 13:51:53 [SERVER] [INFO] Saving chunks for level 'New World 12 atg'/Nether
2014-03-03 13:51:53 [SERVER] [INFO] Saving chunks for level 'New World 12 atg'/The End
2014-03-03 13:51:53 [SERVER] [INFO] Saving chunks for level 'New World 12 atg'/Promised Land
2014-03-03 13:51:53 [SERVER] [INFO] Saving chunks for level 'New World 12 atg'/Wyvern Lair
2014-03-03 13:51:53 [SERVER] [INFO] Saving chunks for level 'New World 12 atg'/Twilight Forest
2014-03-03 13:51:53 [SERVER] [INFO] Saving chunks for level 'New World 12 atg'/Limbo
2014-03-03 13:51:54 [SERVER] [INFO] Stopping server
2014-03-03 13:51:54 [SERVER] [INFO] Saving players
2014-03-03 13:51:54 [SERVER] [INFO] longwing left the game
2014-03-03 13:51:54 [SERVER] [INFO] Saving worlds
2014-03-03 13:51:54 [SERVER] [INFO] Saving chunks for level 'New World 12 atg'/Overworld
2014-03-03 13:51:54 [SERVER] [INFO] Saving chunks for level 'New World 12 atg'/Nether
2014-03-03 13:51:54 [SERVER] [INFO] Saving chunks for level 'New World 12 atg'/The End
2014-03-03 13:51:54 [SERVER] [INFO] Saving chunks for level 'New World 12 atg'/Promised Land
2014-03-03 13:51:54 [SERVER] [INFO] Saving chunks for level 'New World 12 atg'/Wyvern Lair
2014-03-03 13:51:54 [SERVER] [INFO] Saving chunks for level 'New World 12 atg'/Twilight Forest
2014-03-03 13:51:54 [SERVER] [INFO] Saving chunks for level 'New World 12 atg'/Limbo
2014-03-03 14:04:53 [SERVER] [INFO] Starting integrated minecraft server version 1.6.4
2014-03-03 14:04:53 [SERVER] [INFO] Generating keypair
2014-03-03 14:04:53 [SERVER] [INFO] Converting map!
2014-03-03 14:04:53 [SERVER] [INFO] Scanning folders...
2014-03-03 14:04:53 [SERVER] [INFO] Total conversion count is 0
2014-03-03 14:04:54 [SERVER] [INFO] Preparing start region for level 0
2014-03-03 14:05:04 [SERVER] [INFO] Preparing spawn area: 4%
2014-03-03 14:05:05 [SERVER] [INFO] Preparing spawn area: 6%
2014-03-03 14:05:06 [SERVER] [INFO] Preparing spawn area: 14%
2014-03-03 14:05:07 [SERVER] [INFO] Preparing spawn area: 20%
2014-03-03 14:05:08 [SERVER] [INFO] Preparing spawn area: 28%
2014-03-03 14:05:09 [SERVER] [INFO] Preparing spawn area: 35%
2014-03-03 14:05:10 [SERVER] [INFO] Preparing spawn area: 41%
2014-03-03 14:05:11 [SERVER] [INFO] Preparing spawn area: 47%
2014-03-03 14:05:12 [SERVER] [INFO] Preparing spawn area: 51%
2014-03-03 14:05:13 [SERVER] [INFO] Preparing spawn area: 58%
2014-03-03 14:05:14 [SERVER] [INFO] Preparing spawn area: 64%
2014-03-03 14:05:15 [SERVER] [INFO] Preparing spawn area: 71%
2014-03-03 14:05:16 [SERVER] [INFO] Preparing spawn area: 78%
2014-03-03 14:05:17 [SERVER] [INFO] Preparing spawn area: 86%
2014-03-03 14:05:18 [SERVER] [INFO] Preparing spawn area: 91%
2014-03-03 14:05:19 [SERVER] [INFO] Preparing spawn area: 98%
2014-03-03 14:05:23 [SERVER] [INFO] Damage Indicators Mod Mod v.2.9.2.3 is up to date.
2014-03-03 14:05:23 [SERVER] [INFO] longwing[/127.0.0.1:0] logged in with entity id 498 at (-159.5, 77.0, 265.5)
2014-03-03 14:05:23 [SERVER] [INFO] longwing joined the game
2014-03-03 14:05:47 [SERVER] [INFO] [longwing: Set own game mode to Creative Mode]
2014-03-03 14:09:41 [SERVER] [WARNING] Can't keep up! Did the system time change, or is the server overloaded?
2014-03-03 14:11:38 [SERVER] [WARNING] Can't keep up! Did the system time change, or is the server overloaded?
2014-03-03 14:13:54 [SERVER] [WARNING] Can't keep up! Did the system time change, or is the server overloaded?
2014-03-03 14:15:19 [SERVER] [WARNING] Can't keep up! Did the system time change, or is the server overloaded?
2014-03-03 14:16:51 [SERVER] [WARNING] Can't keep up! Did the system time change, or is the server overloaded?
2014-03-03 14:17:10 [SERVER] [WARNING] Can't keep up! Did the system time change, or is the server overloaded?
2014-03-03 14:17:23 [SERVER] [WARNING] Can't keep up! Did the system time change, or is the server overloaded?
2014-03-03 14:17:44 [SERVER] [WARNING] Can't keep up! Did the system time change, or is the server overloaded?
2014-03-03 14:18:26 [SERVER] [WARNING] Can't keep up! Did the system time change, or is the server overloaded?
2014-03-03 14:22:11 [SERVER] [INFO] Saving and pausing game...
2014-03-03 14:22:11 [SERVER] [INFO] Saving chunks for level 'New World 13'/Overworld
2014-03-03 14:22:11 [SERVER] [INFO] Saving chunks for level 'New World 13'/Nether
2014-03-03 14:22:11 [SERVER] [INFO] Saving chunks for level 'New World 13'/The End
2014-03-03 14:22:11 [SERVER] [INFO] Saving chunks for level 'New World 13'/Promised Land
2014-03-03 14:22:11 [SERVER] [INFO] Saving chunks for level 'New World 13'/Wyvern Lair
2014-03-03 14:22:11 [SERVER] [INFO] Saving chunks for level 'New World 13'/Twilight Forest
2014-03-03 14:22:11 [SERVER] [INFO] Saving chunks for level 'New World 13'/Limbo
2014-03-03 14:22:12 [SERVER] [INFO] Stopping server
2014-03-03 14:22:12 [SERVER] [INFO] Saving players
2014-03-03 14:22:12 [SERVER] [INFO] longwing left the game
2014-03-03 14:22:12 [SERVER] [INFO] Saving worlds
2014-03-03 14:22:12 [SERVER] [INFO] Saving chunks for level 'New World 13'/Overworld
2014-03-03 14:22:12 [SERVER] [INFO] Saving chunks for level 'New World 13'/Nether
2014-03-03 14:22:12 [SERVER] [INFO] Saving chunks for level 'New World 13'/The End
2014-03-03 14:22:12 [SERVER] [INFO] Saving chunks for level 'New World 13'/Promised Land
2014-03-03 14:22:12 [SERVER] [INFO] Saving chunks for level 'New World 13'/Wyvern Lair
2014-03-03 14:22:12 [SERVER] [INFO] Saving chunks for level 'New World 13'/Twilight Forest
2014-03-03 14:22:12 [SERVER] [INFO] Saving chunks for level 'New World 13'/Limbo
2014-03-05 22:11:40 [SERVER] [INFO] Starting integrated minecraft server version 1.6.4
2014-03-05 22:11:41 [SERVER] [INFO] Generating keypair
2014-03-05 22:11:41 [SERVER] [INFO] Converting map!
2014-03-05 22:11:41 [SERVER] [INFO] Scanning folders...
2014-03-05 22:11:41 [SERVER] [INFO] Total conversion count is 0
2014-03-05 22:11:42 [SERVER] [INFO] Preparing start region for level 0
2014-03-05 22:11:51 [SERVER] [INFO] Preparing spawn area: 4%
2014-03-05 22:11:52 [SERVER] [INFO] Preparing spawn area: 7%
2014-03-05 22:11:53 [SERVER] [INFO] Preparing spawn area: 12%
2014-03-05 22:11:54 [SERVER] [INFO] Preparing spawn area: 18%
2014-03-05 22:11:55 [SERVER] [INFO] Preparing spawn area: 24%
2014-03-05 22:11:56 [SERVER] [INFO] Preparing spawn area: 31%
2014-03-05 22:11:57 [SERVER] [INFO] Preparing spawn area: 37%
2014-03-05 22:11:58 [SERVER] [INFO] Preparing spawn area: 42%
2014-03-05 22:11:59 [SERVER] [INFO] Preparing spawn area: 48%
2014-03-05 22:12:00 [SERVER] [INFO] Preparing spawn area: 56%
2014-03-05 22:12:01 [SERVER] [INFO] Preparing spawn area: 64%
2014-03-05 22:12:02 [SERVER] [INFO] Preparing spawn area: 70%
2014-03-05 22:12:03 [SERVER] [INFO] Preparing spawn area: 77%
2014-03-05 22:12:04 [SERVER] [INFO] Preparing spawn area: 84%
2014-03-05 22:12:05 [SERVER] [INFO] Preparing spawn area: 88%
2014-03-05 22:12:06 [SERVER] [INFO] Preparing spawn area: 95%
2014-03-05 22:12:10 [SERVER] [INFO] Damage Indicators Mod Mod v.2.9.2.3 is up to date.
2014-03-05 22:12:10 [SERVER] [INFO] longwing[/127.0.0.1:0] logged in with entity id 546 at (-93.5, 76.0, 257.5)
2014-03-05 22:12:10 [SERVER] [INFO] longwing joined the game
2014-03-05 22:12:35 [SERVER] [INFO] [longwing: Set own game mode to Creative Mode]
2014-03-05 22:18:21 [SERVER] [WARNING] Can't keep up! Did the system time change, or is the server overloaded?
2014-03-05 22:18:29 [SERVER] [INFO] Saving and pausing game...
2014-03-05 22:18:29 [SERVER] [INFO] Saving chunks for level 'New World 14 atg'/Overworld
2014-03-05 22:18:29 [SERVER] [INFO] Saving chunks for level 'New World 14 atg'/Nether
2014-03-05 22:18:29 [SERVER] [INFO] Saving chunks for level 'New World 14 atg'/The End
2014-03-05 22:18:29 [SERVER] [INFO] Saving chunks for level 'New World 14 atg'/Promised Land
2014-03-05 22:18:29 [SERVER] [INFO] Saving chunks for level 'New World 14 atg'/Wyvern Lair
2014-03-05 22:18:29 [SERVER] [INFO] Saving chunks for level 'New World 14 atg'/Twilight Forest
2014-03-05 22:18:29 [SERVER] [INFO] Saving chunks for level 'New World 14 atg'/Limbo
2014-03-05 22:18:30 [SERVER] [INFO] Stopping server
2014-03-05 22:18:30 [SERVER] [INFO] Saving players
2014-03-05 22:18:30 [SERVER] [INFO] longwing left the game
2014-03-05 22:18:30 [SERVER] [INFO] Saving worlds
2014-03-05 22:18:30 [SERVER] [INFO] Saving chunks for level 'New World 14 atg'/Overworld
2014-03-05 22:18:30 [SERVER] [INFO] Saving chunks for level 'New World 14 atg'/Nether
2014-03-05 22:18:30 [SERVER] [INFO] Saving chunks for level 'New World 14 atg'/The End
2014-03-05 22:18:30 [SERVER] [INFO] Saving chunks for level 'New World 14 atg'/Promised Land
2014-03-05 22:18:30 [SERVER] [INFO] Saving chunks for level 'New World 14 atg'/Wyvern Lair
2014-03-05 22:18:30 [SERVER] [INFO] Saving chunks for level 'New World 14 atg'/Twilight Forest
2014-03-05 22:18:30 [SERVER] [INFO] Saving chunks for level 'New World 14 atg'/Limbo
2014-11-26 16:23:18 [SERVER] [INFO] Starting integrated minecraft server version 1.6.4
2014-11-26 16:23:18 [SERVER] [INFO] Generating keypair
2014-11-26 16:23:19 [SERVER] [INFO] Preparing start region for level 0
2014-11-26 16:23:23 [SERVER] [INFO] Damage Indicators Mod Mod v.2.9.2.3 is up to date.
2014-11-26 16:23:24 [SERVER] [INFO] longwing[/127.0.0.1:0] logged in with entity id 762 at (-104.23693664877895, 89.10492977273071, -104.70554545096445)
2014-11-26 16:23:24 [SERVER] [INFO] longwing joined the game
2014-11-26 16:23:25 [SERVER] [INFO] Saving and pausing game...
2014-11-26 16:23:25 [SERVER] [INFO] Saving chunks for level 'New World 14 atg'/Overworld
2014-11-26 16:23:25 [SERVER] [INFO] Saving chunks for level 'New World 14 atg'/Nether
2014-11-26 16:23:25 [SERVER] [INFO] Saving chunks for level 'New World 14 atg'/The End
2014-11-26 16:23:25 [SERVER] [INFO] Saving chunks for level 'New World 14 atg'/Promised Land
2014-11-26 16:23:25 [SERVER] [INFO] Saving chunks for level 'New World 14 atg'/Wyvern Lair
2014-11-26 16:23:25 [SERVER] [INFO] Saving chunks for level 'New World 14 atg'/Twilight Forest
2014-11-26 16:23:25 [SERVER] [INFO] Saving chunks for level 'New World 14 atg'/Limbo
2014-11-26 16:23:53 [SERVER] [INFO] Saving and pausing game...
2014-11-26 16:23:53 [SERVER] [INFO] Saving chunks for level 'New World 14 atg'/Overworld
2014-11-26 16:23:53 [SERVER] [INFO] Saving chunks for level 'New World 14 atg'/Nether
2014-11-26 16:23:53 [SERVER] [INFO] Saving chunks for level 'New World 14 atg'/The End
2014-11-26 16:23:53 [SERVER] [INFO] Saving chunks for level 'New World 14 atg'/Promised Land
2014-11-26 16:23:53 [SERVER] [INFO] Saving chunks for level 'New World 14 atg'/Wyvern Lair
2014-11-26 16:23:53 [SERVER] [INFO] Saving chunks for level 'New World 14 atg'/Twilight Forest
2014-11-26 16:23:53 [SERVER] [INFO] Saving chunks for level 'New World 14 atg'/Limbo
2014-11-26 16:24:26 [SERVER] [WARNING] Can't keep up! Did the system time change, or is the server overloaded?
2014-11-26 16:26:01 [SERVER] [INFO] Saving and pausing game...
2014-11-26 16:26:01 [SERVER] [INFO] Saving chunks for level 'New World 14 atg'/Overworld
2014-11-26 16:26:01 [SERVER] [INFO] Saving chunks for level 'New World 14 atg'/Nether
2014-11-26 16:26:01 [SERVER] [INFO] Saving chunks for level 'New World 14 atg'/The End
2014-11-26 16:26:01 [SERVER] [INFO] Saving chunks for level 'New World 14 atg'/Promised Land
2014-11-26 16:26:01 [SERVER] [INFO] Saving chunks for level 'New World 14 atg'/Wyvern Lair
2014-11-26 16:26:01 [SERVER] [INFO] Saving chunks for level 'New World 14 atg'/Twilight Forest
2014-11-26 16:26:01 [SERVER] [INFO] Saving chunks for level 'New World 14 atg'/Limbo
2014-11-26 16:34:33 [SERVER] [INFO] Saving and pausing game...
2014-11-26 16:34:33 [SERVER] [INFO] Saving chunks for level 'New World 14 atg'/Overworld
2014-11-26 16:34:33 [SERVER] [INFO] Saving chunks for level 'New World 14 atg'/Nether
2014-11-26 16:34:33 [SERVER] [INFO] Saving chunks for level 'New World 14 atg'/The End
2014-11-26 16:34:33 [SERVER] [INFO] Saving chunks for level 'New World 14 atg'/Promised Land
2014-11-26 16:34:33 [SERVER] [INFO] Saving chunks for level 'New World 14 atg'/Wyvern Lair
2014-11-26 16:34:33 [SERVER] [INFO] Saving chunks for level 'New World 14 atg'/Twilight Forest
2014-11-26 16:34:33 [SERVER] [INFO] Saving chunks for level 'New World 14 atg'/Limbo
2014-11-26 16:34:34 [SERVER] [INFO] Stopping server
2014-11-26 16:34:34 [SERVER] [INFO] Saving players
2014-11-26 16:34:34 [SERVER] [INFO] longwing left the game
2014-11-26 16:34:34 [SERVER] [INFO] Saving worlds
2014-11-26 16:34:34 [SERVER] [INFO] Saving chunks for level 'New World 14 atg'/Overworld
2014-11-26 16:34:34 [SERVER] [INFO] Saving chunks for level 'New World 14 atg'/Nether
2014-11-26 16:34:34 [SERVER] [INFO] Saving chunks for level 'New World 14 atg'/The End
2014-11-26 16:34:34 [SERVER] [INFO] Saving chunks for level 'New World 14 atg'/Promised Land
2014-11-26 16:34:34 [SERVER] [INFO] Saving chunks for level 'New World 14 atg'/Wyvern Lair
2014-11-26 16:34:34 [SERVER] [INFO] Saving chunks for level 'New World 14 atg'/Twilight Forest
2014-11-26 16:34:34 [SERVER] [INFO] Saving chunks for level 'New World 14 atg'/Limbo
2014-12-10 22:53:10 [SERVER] [INFO] Starting integrated minecraft server version 1.6.4
2014-12-10 22:53:10 [SERVER] [INFO] Generating keypair
2014-12-10 22:53:10 [SERVER] [INFO] Converting map!
2014-12-10 22:53:10 [SERVER] [INFO] Scanning folders...
2014-12-10 22:53:10 [SERVER] [INFO] Total conversion count is 0
2014-12-10 22:53:11 [SERVER] [INFO] Preparing start region for level 0
2014-12-10 22:53:50 [SERVER] [INFO] Preparing spawn area: 4%
2014-12-10 22:53:52 [SERVER] [INFO] Preparing spawn area: 5%
2014-12-10 22:53:54 [SERVER] [INFO] Preparing spawn area: 7%
2014-12-10 22:53:55 [SERVER] [INFO] Preparing spawn area: 18%
2014-12-10 22:53:56 [SERVER] [INFO] Preparing spawn area: 28%
2014-12-10 22:53:57 [SERVER] [INFO] Preparing spawn area: 35%
2014-12-10 22:53:58 [SERVER] [INFO] Preparing spawn area: 43%
2014-12-10 22:53:59 [SERVER] [INFO] Preparing spawn area: 49%
2014-12-10 22:54:00 [SERVER] [INFO] Preparing spawn area: 56%
2014-12-10 22:54:01 [SERVER] [INFO] Preparing spawn area: 63%
2014-12-10 22:54:02 [SERVER] [INFO] Preparing spawn area: 71%
2014-12-10 22:54:03 [SERVER] [INFO] Preparing spawn area: 79%
2014-12-10 22:54:04 [SERVER] [INFO] Preparing spawn area: 87%
2014-12-10 22:54:05 [SERVER] [INFO] Preparing spawn area: 94%
2014-12-10 22:54:09 [SERVER] [INFO] Damage Indicators Mod Mod v.2.9.2.3 is up to date.
2014-12-10 22:54:10 [SERVER] [INFO] longwing[/127.0.0.1:0] logged in with entity id 697 at (128.5, 66.0, 193.5)
2014-12-10 22:54:10 [SERVER] [INFO] longwing joined the game
2014-12-10 22:54:13 [SERVER] [WARNING] Can't keep up! Did the system time change, or is the server overloaded?
2014-12-10 22:54:16 [SERVER] [INFO] Saving and pausing game...
2014-12-10 22:54:16 [SERVER] [INFO] Saving chunks for level 'New World 16'/Overworld
2014-12-10 22:54:21 [SERVER] [INFO] Saving chunks for level 'New World 16'/Nether
2014-12-10 22:54:21 [SERVER] [INFO] Saving chunks for level 'New World 16'/The End
2014-12-10 22:54:21 [SERVER] [INFO] Saving chunks for level 'New World 16'/Promised Land
2014-12-10 22:54:21 [SERVER] [INFO] Saving chunks for level 'New World 16'/Wyvern Lair
2014-12-10 22:54:21 [SERVER] [INFO] Saving chunks for level 'New World 16'/Twilight Forest
2014-12-10 22:54:21 [SERVER] [INFO] Saving chunks for level 'New World 16'/Limbo
2014-12-10 22:56:47 [SERVER] [INFO] [longwing: Set own game mode to Creative Mode]
2014-12-10 22:57:38 [SERVER] [WARNING] Can't keep up! Did the system time change, or is the server overloaded?
2014-12-10 22:57:46 [SERVER] [SEVERE] Wrong location! EntityPainting['Painting'/35682, l='New World 16', x=-262.06, y=153.50, z=239.50]
2014-12-10 22:58:19 [SERVER] [SEVERE] Wrong location! EntityPainting['Painting'/41484, l='New World 16', x=-256.00, y=179.00, z=225.06]
2014-12-10 22:58:20 [SERVER] [SEVERE] Wrong location! EntityPainting['Painting'/41670, l='New World 16', x=-224.00, y=165.50, z=222.06]
2014-12-10 23:01:30 [SERVER] [INFO] Saving and pausing game...
2014-12-10 23:01:30 [SERVER] [INFO] Saving chunks for level 'New World 16'/Overworld
2014-12-10 23:01:30 [SERVER] [INFO] Saving chunks for level 'New World 16'/Nether
2014-12-10 23:01:30 [SERVER] [INFO] Saving chunks for level 'New World 16'/The End
2014-12-10 23:01:30 [SERVER] [INFO] Saving chunks for level 'New World 16'/Promised Land
2014-12-10 23:01:30 [SERVER] [INFO] Saving chunks for level 'New World 16'/Wyvern Lair
2014-12-10 23:01:30 [SERVER] [INFO] Saving chunks for level 'New World 16'/Twilight Forest
2014-12-10 23:01:30 [SERVER] [INFO] Saving chunks for level 'New World 16'/Limbo
2014-12-10 23:01:40 [SERVER] [INFO] Stopping server
2014-12-10 23:01:40 [SERVER] [INFO] Saving players
2014-12-10 23:01:40 [SERVER] [INFO] longwing left the game
2014-12-10 23:01:40 [SERVER] [INFO] Saving worlds
2014-12-10 23:01:40 [SERVER] [INFO] Saving chunks for level 'New World 16'/Overworld
2014-12-10 23:01:40 [SERVER] [INFO] Saving chunks for level 'New World 16'/Nether
2014-12-10 23:01:40 [SERVER] [INFO] Saving chunks for level 'New World 16'/The End
2014-12-10 23:01:40 [SERVER] [INFO] Saving chunks for level 'New World 16'/Promised Land
2014-12-10 23:01:40 [SERVER] [INFO] Saving chunks for level 'New World 16'/Wyvern Lair
2014-12-10 23:01:40 [SERVER] [INFO] Saving chunks for level 'New World 16'/Twilight Forest
2014-12-10 23:01:40 [SERVER] [INFO] Saving chunks for level 'New World 16'/Limbo
